Exporter version: 5.6.4, Blender version: 2.79 (sub 0)
========= Conversion from Blender to Babylon.js =========
	Scene settings used :
		export scope        :  ALL
		inline textures     :  false
		Positions Precision :  4
		Normals Precision   :  3
		UVs Precision       :  3
		Vert Color Precision:  3
		Mat Weight Precision:  2
		texture directory   :  C:\Users\pjoy\Desktop\carBowler2\blends\
	Python World class constructor completed
	WARNING: No active camera has been assigned, or is not in a currently selected Blender layer
	processing begun of mesh:  Cube
		processing begun of Standard material:  Base
		processing begun of Standard material:  Windows
		processing begun of Standard material:  FrontLights
		processing begun of Standard material:  Plates
		processing begun of Standard material:  RearLights
		processing begun of multimaterial:  model3.Multimaterial#0
		num positions      :  488
		num normals        :  488
		num uvs            :  0
		num uvs2           :  0
		num colors         :  0
		num indices        :  1902
		WARNING: # of 0 area faces found:  138
========= Writing of scene file started =========
========= Writing of scene file completed =========
========= end of processing =========
elapsed time:  0 min, 0.0951 secs
